<?xml version="1.0" encoding="UTF-8"?>
<!-- Generated by org.testng.reporters.JUnitXMLReporter -->
<testsuite ignored="0" hostname="Lenovo" failures="0" tests="23" name="Test" time="214.86" errors="0" timestamp="2024-10-21T21:19:17 IST">
  <testcase classname="testCases.TC001_AccountRegistrationTest" name="testAccountRegistration" time="3.55"/>
  <testcase classname="testCases.TC002_AccountRegistrationErrorValidationDDT" name="testAccountRegistrationDDT" time="2.429"/>
  <testcase classname="testCases.TC002_AccountRegistrationErrorValidationDDT" name="testAccountRegistrationDDT" time="3.401"/>
  <testcase classname="testCases.TC002_AccountRegistrationErrorValidationDDT" name="testAccountRegistrationDDT" time="2.748"/>
  <testcase classname="testCases.TC002_AccountRegistrationErrorValidationDDT" name="testAccountRegistrationDDT" time="1.93"/>
  <testcase classname="testCases.TC002_AccountRegistrationErrorValidationDDT" name="testAccountRegistrationDDT" time="1.761"/>
  <testcase classname="testCases.TC002_AccountRegistrationErrorValidationDDT" name="testAccountRegistrationDDT" time="2.467"/>
  <testcase classname="testCases.TC002_AccountRegistrationErrorValidationDDT" name="testAccountRegistrationDDT" time="1.771"/>
  <testcase classname="testCases.TC002_AccountRegistrationErrorValidationDDT" name="testAccountRegistrationDDT" time="1.373"/>
  <testcase classname="testCases.TC002_AccountRegistrationErrorValidationDDT" name="testAccountRegistrationDDT" time="1.607"/>
  <testcase classname="testCases.TC003_AccountRegistrationLinksExistanceTest" name="testAccountRegistrationMainLinks" time="1.275"/>
  <testcase classname="testCases.TC003_AccountRegistrationLinksExistanceTest" name="testAccountRegistrationFooterLinks" time="0.278"/>
  <testcase classname="testCases.TC003_AccountRegistrationLinksExistanceTest" name="testAccountRegistrationTopLinks" time="0.085"/>
  <testcase classname="testCases.TC003_AccountRegistrationLinksExistanceTest" name="testAccountRegistrationHeaderLinks" time="0.526"/>
  <testcase classname="testCases.TC006_LoginTest" name="testLogin" time="1.608"/>
  <testcase classname="testCases.TC007_loginDDT" name="testLogin" time="5.331"/>
  <testcase classname="testCases.TC007_loginDDT" name="testLogin" time="24.402"/>
  <testcase classname="testCases.TC007_loginDDT" name="testLogin" time="24.971"/>
  <testcase classname="testCases.TC007_loginDDT" name="testLogin" time="25.191"/>
  <testcase classname="testCases.TC007_loginDDT" name="testLogin" time="5.181"/>
  <testcase classname="testCases.TC007_loginDDT" name="testLogin" time="24.265"/>
  <testcase classname="testCases.TC007_loginDDT" name="testLogin" time="24.69"/>
  <testcase classname="testCases.TC007_loginDDT" name="testLogin" time="24.425"/>
</testsuite> <!-- Test -->
