<?xml version="1.0" encoding="UTF-8"?>
<!-- Generated by org.testng.reporters.JUnitXMLReporter -->
<testsuite ignored="0" hostname="SONY" failures="0" tests="4" name="Test" time="46.294" errors="0" timestamp="2024-08-30T17:10:29 IST">
  <testcase classname="testCases.TC003_AccountRegistrationLinksExistanceTest" name="testAccountRegistrationMainLinks" time="4.262"/>
  <testcase classname="testCases.TC003_AccountRegistrationLinksExistanceTest" name="testAccountRegistrationFooterLinks" time="0.364"/>
  <testcase classname="testCases.TC003_AccountRegistrationLinksExistanceTest" name="testAccountRegistrationTopLinks" time="0.14"/>
  <testcase classname="testCases.TC003_AccountRegistrationLinksExistanceTest" name="testAccountRegistrationHeaderLinks" time="0.991"/>
</testsuite> <!-- Test -->
