<?xml version="1.0" encoding="UTF-8"?>
<!-- Generated by org.testng.reporters.JUnitXMLReporter -->
<testsuite ignored="0" hostname="SONY" failures="0" tests="4" name="Test" time="57.794" errors="0" timestamp="2024-09-01T21:23:40 IST">
  <testcase classname="testCases.TC003_AccountRegistrationLinksExistanceTest" name="testAccountRegistrationMainLinks" time="4.21"/>
  <testcase classname="testCases.TC003_AccountRegistrationLinksExistanceTest" name="testAccountRegistrationFooterLinks" time="0.376"/>
  <testcase classname="testCases.TC003_AccountRegistrationLinksExistanceTest" name="testAccountRegistrationTopLinks" time="0.13"/>
  <testcase classname="testCases.TC003_AccountRegistrationLinksExistanceTest" name="testAccountRegistrationHeaderLinks" time="0.81"/>
</testsuite> <!-- Test -->
