<?xml version="1.0" encoding="UTF-8"?>
<testng-results ignored="0" total="23" passed="23" failed="0" skipped="0">
  <reporter-output>
  </reporter-output>
  <suite started-at="2024-10-21T21:15:40 IST" name="Suite" finished-at="2024-10-21T21:19:15 IST" duration-ms="214860">
    <groups>
      <group name="Master">
        <method signature="TC001_AccountRegistrationTest.testAccountRegistration()[pri:1, instance:testCases.TC001_AccountRegistrationTest@2a8d39c4]" name="testAccountRegistration" class="testCases.TC001_AccountRegistrationTest"/>
        <method signature="TC003_AccountRegistrationLinksExistanceTest.testAccountRegistrationMainLinks()[pri:1, instance:testCases.TC003_AccountRegistrationLinksExistanceTest@4c398c80]" name="testAccountRegistrationMainLinks" class="testCases.TC003_AccountRegistrationLinksExistanceTest"/>
        <method signature="TC006_LoginTest.testLogin()[pri:1, instance:testCases.TC006_LoginTest@7fc6de5b]" name="testLogin" class="testCases.TC006_LoginTest"/>
      </group> <!-- Master -->
      <group name="Sanity">
        <method signature="TC006_LoginTest.testLogin()[pri:1, instance:testCases.TC006_LoginTest@7fc6de5b]" name="testLogin" class="testCases.TC006_LoginTest"/>
      </group> <!-- Sanity -->
      <group name="Regression">
        <method signature="TC001_AccountRegistrationTest.testAccountRegistration()[pri:1, instance:testCases.TC001_AccountRegistrationTest@2a8d39c4]" name="testAccountRegistration" class="testCases.TC001_AccountRegistrationTest"/>
        <method signature="TC003_AccountRegistrationLinksExistanceTest.testAccountRegistrationMainLinks()[pri:1, instance:testCases.TC003_AccountRegistrationLinksExistanceTest@4c398c80]" name="testAccountRegistrationMainLinks" class="testCases.TC003_AccountRegistrationLinksExistanceTest"/>
      </group> <!-- Regression -->
      <group name="Datadriven">
        <method signature="TC002_AccountRegistrationErrorValidationDDT.testAccountRegistrationDDT(java.lang.String,java.lang.String,java.lang.String,java.lang.String,java.lang.String,java.lang.String,java.lang.String)[pri:1, instance:testCases.TC002_AccountRegistrationErrorValidationDDT@fb9c7aa]" name="testAccountRegistrationDDT" class="testCases.TC002_AccountRegistrationErrorValidationDDT"/>
        <method signature="TC007_loginDDT.testLogin(java.lang.String,java.lang.String,java.lang.String)[pri:1, instance:testCases.TC007_loginDDT@21baa903]" name="testLogin" class="testCases.TC007_loginDDT"/>
      </group> <!-- Datadriven -->
    </groups>
    <test started-at="2024-10-21T21:15:40 IST" name="Test" finished-at="2024-10-21T21:19:15 IST" duration-ms="214860">
      <class name="testCases.TC003_AccountRegistrationLinksExistanceTest">
        <test-method is-config="true" signature="setUp(java.lang.String,java.lang.String)[pri:0, instance:testCases.TC003_AccountRegistrationLinksExistanceTest@4c398c80]" started-at="2024-10-21T21:16:20 IST" name="setUp" finished-at="2024-10-21T21:16:24 IST" duration-ms="3831" status="PASS">
          <params>
            <param index="0">
              <value>
                <![CDATA[Windows]]>
              </value>
            </param>
            <param index="1">
              <value>
                <![CDATA[chrome]]>
              </value>
            </param>
          </params>
          <reporter-output>
          </reporter-output>
        </test-method> <!-- setUp -->
        <test-method signature="testAccountRegistrationMainLinks()[pri:1, instance:testCases.TC003_AccountRegistrationLinksExistanceTest@4c398c80]" started-at="2024-10-21T21:16:24 IST" name="testAccountRegistrationMainLinks" finished-at="2024-10-21T21:16:26 IST" duration-ms="1275" status="PASS">
          <reporter-output>
          </reporter-output>
        </test-method> <!-- testAccountRegistrationMainLinks -->
        <test-method signature="testAccountRegistrationFooterLinks()[pri:2, instance:testCases.TC003_AccountRegistrationLinksExistanceTest@4c398c80]" started-at="2024-10-21T21:16:26 IST" name="testAccountRegistrationFooterLinks" finished-at="2024-10-21T21:16:26 IST" duration-ms="278" status="PASS">
          <reporter-output>
          </reporter-output>
        </test-method> <!-- testAccountRegistrationFooterLinks -->
        <test-method signature="testAccountRegistrationTopLinks()[pri:3, instance:testCases.TC003_AccountRegistrationLinksExistanceTest@4c398c80]" started-at="2024-10-21T21:16:26 IST" name="testAccountRegistrationTopLinks" finished-at="2024-10-21T21:16:26 IST" duration-ms="85" status="PASS">
          <reporter-output>
          </reporter-output>
        </test-method> <!-- testAccountRegistrationTopLinks -->
        <test-method signature="testAccountRegistrationHeaderLinks()[pri:4, instance:testCases.TC003_AccountRegistrationLinksExistanceTest@4c398c80]" started-at="2024-10-21T21:16:26 IST" name="testAccountRegistrationHeaderLinks" finished-at="2024-10-21T21:16:26 IST" duration-ms="526" status="PASS">
          <reporter-output>
          </reporter-output>
        </test-method> <!-- testAccountRegistrationHeaderLinks -->
        <test-method is-config="true" signature="tearDown()[pri:0, instance:testCases.TC003_AccountRegistrationLinksExistanceTest@4c398c80]" started-at="2024-10-21T21:16:26 IST" name="tearDown" finished-at="2024-10-21T21:16:27 IST" duration-ms="160" status="PASS">
          <reporter-output>
          </reporter-output>
        </test-method> <!-- tearDown -->
      </class> <!-- testCases.TC003_AccountRegistrationLinksExistanceTest -->
      <class name="testCases.TC001_AccountRegistrationTest">
        <test-method is-config="true" signature="setUp(java.lang.String,java.lang.String)[pri:0, instance:testCases.TC001_AccountRegistrationTest@2a8d39c4]" started-at="2024-10-21T21:15:40 IST" name="setUp" finished-at="2024-10-21T21:15:46 IST" duration-ms="5699" status="PASS">
          <params>
            <param index="0">
              <value>
                <![CDATA[Windows]]>
              </value>
            </param>
            <param index="1">
              <value>
                <![CDATA[chrome]]>
              </value>
            </param>
          </params>
          <reporter-output>
          </reporter-output>
        </test-method> <!-- setUp -->
        <test-method signature="testAccountRegistration()[pri:1, instance:testCases.TC001_AccountRegistrationTest@2a8d39c4]" started-at="2024-10-21T21:15:46 IST" name="testAccountRegistration" finished-at="2024-10-21T21:15:50 IST" duration-ms="3550" status="PASS">
          <reporter-output>
          </reporter-output>
        </test-method> <!-- testAccountRegistration -->
        <test-method is-config="true" signature="tearDown()[pri:0, instance:testCases.TC001_AccountRegistrationTest@2a8d39c4]" started-at="2024-10-21T21:15:50 IST" name="tearDown" finished-at="2024-10-21T21:15:50 IST" duration-ms="237" status="PASS">
          <reporter-output>
          </reporter-output>
        </test-method> <!-- tearDown -->
      </class> <!-- testCases.TC001_AccountRegistrationTest -->
      <class name="testCases.TC007_loginDDT">
        <test-method is-config="true" signature="setUp(java.lang.String,java.lang.String)[pri:0, instance:testCases.TC007_loginDDT@21baa903]" started-at="2024-10-21T21:16:33 IST" name="setUp" finished-at="2024-10-21T21:16:36 IST" duration-ms="3002" status="PASS">
          <params>
            <param index="0">
              <value>
                <![CDATA[Windows]]>
              </value>
            </param>
            <param index="1">
              <value>
                <![CDATA[chrome]]>
              </value>
            </param>
          </params>
          <reporter-output>
          </reporter-output>
        </test-method> <!-- setUp -->
        <test-method signature="testLogin(java.lang.String,java.lang.String,java.lang.String)[pri:1, instance:testCases.TC007_loginDDT@21baa903]" started-at="2024-10-21T21:16:36 IST" name="testLogin" data-provider="logindata" finished-at="2024-10-21T21:16:42 IST" duration-ms="5331" status="PASS">
          <params>
            <param index="0">
              <value>
                <![CDATA[thomastrain@gmail.com]]>
              </value>
            </param>
            <param index="1">
              <value>
                <![CDATA[test@123]]>
              </value>
            </param>
            <param index="2">
              <value>
                <![CDATA[valid]]>
              </value>
            </param>
          </params>
          <reporter-output>
          </reporter-output>
        </test-method> <!-- testLogin -->
        <test-method signature="testLogin(java.lang.String,java.lang.String,java.lang.String)[pri:1, instance:testCases.TC007_loginDDT@21baa903]" started-at="2024-10-21T21:16:42 IST" name="testLogin" data-provider="logindata" finished-at="2024-10-21T21:17:06 IST" duration-ms="24402" status="PASS">
          <params>
            <param index="0">
              <value>
                <![CDATA[abc@gmail.com]]>
              </value>
            </param>
            <param index="1">
              <value>
                <![CDATA[hggr]]>
              </value>
            </param>
            <param index="2">
              <value>
                <![CDATA[invalid]]>
              </value>
            </param>
          </params>
          <reporter-output>
          </reporter-output>
        </test-method> <!-- testLogin -->
        <test-method signature="testLogin(java.lang.String,java.lang.String,java.lang.String)[pri:1, instance:testCases.TC007_loginDDT@21baa903]" started-at="2024-10-21T21:17:06 IST" name="testLogin" data-provider="logindata" finished-at="2024-10-21T21:17:31 IST" duration-ms="24971" status="PASS">
          <params>
            <param index="0">
              <value>
                <![CDATA[girl@gmail.com]]>
              </value>
            </param>
            <param index="1">
              <value>
                <![CDATA[kjkhkiuu]]>
              </value>
            </param>
            <param index="2">
              <value>
                <![CDATA[invalid]]>
              </value>
            </param>
          </params>
          <reporter-output>
          </reporter-output>
        </test-method> <!-- testLogin -->
        <test-method signature="testLogin(java.lang.String,java.lang.String,java.lang.String)[pri:1, instance:testCases.TC007_loginDDT@21baa903]" started-at="2024-10-21T21:17:31 IST" name="testLogin" data-provider="logindata" finished-at="2024-10-21T21:17:56 IST" duration-ms="25191" status="PASS">
          <params>
            <param index="0">
              <value>
                <![CDATA[boy@gmail.com]]>
              </value>
            </param>
            <param index="1">
              <value>
                <![CDATA[dsdsd]]>
              </value>
            </param>
            <param index="2">
              <value>
                <![CDATA[invlaid]]>
              </value>
            </param>
          </params>
          <reporter-output>
          </reporter-output>
        </test-method> <!-- testLogin -->
        <test-method signature="testLogin(java.lang.String,java.lang.String,java.lang.String)[pri:1, instance:testCases.TC007_loginDDT@21baa903]" started-at="2024-10-21T21:17:56 IST" name="testLogin" data-provider="logindata" finished-at="2024-10-21T21:18:01 IST" duration-ms="5181" status="PASS">
          <params>
            <param index="0">
              <value>
                <![CDATA[safarowork@gmail.com]]>
              </value>
            </param>
            <param index="1">
              <value>
                <![CDATA[test@123]]>
              </value>
            </param>
            <param index="2">
              <value>
                <![CDATA[valid]]>
              </value>
            </param>
          </params>
          <reporter-output>
          </reporter-output>
        </test-method> <!-- testLogin -->
        <test-method signature="testLogin(java.lang.String,java.lang.String,java.lang.String)[pri:1, instance:testCases.TC007_loginDDT@21baa903]" started-at="2024-10-21T21:18:01 IST" name="testLogin" data-provider="logindata" finished-at="2024-10-21T21:18:26 IST" duration-ms="24265" status="PASS">
          <params>
            <param index="0">
              <value>
                <![CDATA[]]>
              </value>
            </param>
            <param index="1">
              <value>
                <![CDATA[ggghghj]]>
              </value>
            </param>
            <param index="2">
              <value>
                <![CDATA[invalid]]>
              </value>
            </param>
          </params>
          <reporter-output>
          </reporter-output>
        </test-method> <!-- testLogin -->
        <test-method signature="testLogin(java.lang.String,java.lang.String,java.lang.String)[pri:1, instance:testCases.TC007_loginDDT@21baa903]" started-at="2024-10-21T21:18:26 IST" name="testLogin" data-provider="logindata" finished-at="2024-10-21T21:18:50 IST" duration-ms="24690" status="PASS">
          <params>
            <param index="0">
              <value>
                <![CDATA[]]>
              </value>
            </param>
            <param index="1">
              <value>
                <![CDATA[]]>
              </value>
            </param>
            <param index="2">
              <value>
                <![CDATA[invalid]]>
              </value>
            </param>
          </params>
          <reporter-output>
          </reporter-output>
        </test-method> <!-- testLogin -->
        <test-method signature="testLogin(java.lang.String,java.lang.String,java.lang.String)[pri:1, instance:testCases.TC007_loginDDT@21baa903]" started-at="2024-10-21T21:18:50 IST" name="testLogin" data-provider="logindata" finished-at="2024-10-21T21:19:15 IST" duration-ms="24425" status="PASS">
          <params>
            <param index="0">
              <value>
                <![CDATA[wdhhgh@gmail.com]]>
              </value>
            </param>
            <param index="1">
              <value>
                <![CDATA[]]>
              </value>
            </param>
            <param index="2">
              <value>
                <![CDATA[invalid]]>
              </value>
            </param>
          </params>
          <reporter-output>
          </reporter-output>
        </test-method> <!-- testLogin -->
        <test-method is-config="true" signature="tearDown()[pri:0, instance:testCases.TC007_loginDDT@21baa903]" started-at="2024-10-21T21:19:15 IST" name="tearDown" finished-at="2024-10-21T21:19:15 IST" duration-ms="267" status="PASS">
          <reporter-output>
          </reporter-output>
        </test-method> <!-- tearDown -->
      </class> <!-- testCases.TC007_loginDDT -->
      <class name="testCases.TC002_AccountRegistrationErrorValidationDDT">
        <test-method is-config="true" signature="setUp(java.lang.String,java.lang.String)[pri:0, instance:testCases.TC002_AccountRegistrationErrorValidationDDT@fb9c7aa]" started-at="2024-10-21T21:15:50 IST" name="setUp" finished-at="2024-10-21T21:15:59 IST" duration-ms="8857" status="PASS">
          <params>
            <param index="0">
              <value>
                <![CDATA[Windows]]>
              </value>
            </param>
            <param index="1">
              <value>
                <![CDATA[chrome]]>
              </value>
            </param>
          </params>
          <reporter-output>
          </reporter-output>
        </test-method> <!-- setUp -->
        <test-method signature="testAccountRegistrationDDT(java.lang.String,java.lang.String,java.lang.String,java.lang.String,java.lang.String,java.lang.String,java.lang.String)[pri:1, instance:testCases.TC002_AccountRegistrationErrorValidationDDT@fb9c7aa]" started-at="2024-10-21T21:16:01 IST" name="testAccountRegistrationDDT" data-provider="registeruser" finished-at="2024-10-21T21:16:03 IST" duration-ms="2429" status="PASS">
          <params>
            <param index="0">
              <value>
                <![CDATA[]]>
              </value>
            </param>
            <param index="1">
              <value>
                <![CDATA[jason]]>
              </value>
            </param>
            <param index="2">
              <value>
                <![CDATA[json@gmail.com]]>
              </value>
            </param>
            <param index="3">
              <value>
                <![CDATA[1245632]]>
              </value>
            </param>
            <param index="4">
              <value>
                <![CDATA[password]]>
              </value>
            </param>
            <param index="5">
              <value>
                <![CDATA[password]]>
              </value>
            </param>
            <param index="6">
              <value>
                <![CDATA[missingfname]]>
              </value>
            </param>
          </params>
          <reporter-output>
          </reporter-output>
        </test-method> <!-- testAccountRegistrationDDT -->
        <test-method signature="testAccountRegistrationDDT(java.lang.String,java.lang.String,java.lang.String,java.lang.String,java.lang.String,java.lang.String,java.lang.String)[pri:1, instance:testCases.TC002_AccountRegistrationErrorValidationDDT@fb9c7aa]" started-at="2024-10-21T21:16:03 IST" name="testAccountRegistrationDDT" data-provider="registeruser" finished-at="2024-10-21T21:16:07 IST" duration-ms="3401" status="PASS">
          <params>
            <param index="0">
              <value>
                <![CDATA[jason]]>
              </value>
            </param>
            <param index="1">
              <value>
                <![CDATA[]]>
              </value>
            </param>
            <param index="2">
              <value>
                <![CDATA[json@gmail.com]]>
              </value>
            </param>
            <param index="3">
              <value>
                <![CDATA[235564]]>
              </value>
            </param>
            <param index="4">
              <value>
                <![CDATA[password]]>
              </value>
            </param>
            <param index="5">
              <value>
                <![CDATA[password]]>
              </value>
            </param>
            <param index="6">
              <value>
                <![CDATA[missinglname]]>
              </value>
            </param>
          </params>
          <reporter-output>
          </reporter-output>
        </test-method> <!-- testAccountRegistrationDDT -->
        <test-method signature="testAccountRegistrationDDT(java.lang.String,java.lang.String,java.lang.String,java.lang.String,java.lang.String,java.lang.String,java.lang.String)[pri:1, instance:testCases.TC002_AccountRegistrationErrorValidationDDT@fb9c7aa]" started-at="2024-10-21T21:16:07 IST" name="testAccountRegistrationDDT" data-provider="registeruser" finished-at="2024-10-21T21:16:09 IST" duration-ms="2748" status="PASS">
          <params>
            <param index="0">
              <value>
                <![CDATA[jason]]>
              </value>
            </param>
            <param index="1">
              <value>
                <![CDATA[john]]>
              </value>
            </param>
            <param index="2">
              <value>
                <![CDATA[]]>
              </value>
            </param>
            <param index="3">
              <value>
                <![CDATA[12545]]>
              </value>
            </param>
            <param index="4">
              <value>
                <![CDATA[password]]>
              </value>
            </param>
            <param index="5">
              <value>
                <![CDATA[password]]>
              </value>
            </param>
            <param index="6">
              <value>
                <![CDATA[missingemail]]>
              </value>
            </param>
          </params>
          <reporter-output>
          </reporter-output>
        </test-method> <!-- testAccountRegistrationDDT -->
        <test-method signature="testAccountRegistrationDDT(java.lang.String,java.lang.String,java.lang.String,java.lang.String,java.lang.String,java.lang.String,java.lang.String)[pri:1, instance:testCases.TC002_AccountRegistrationErrorValidationDDT@fb9c7aa]" started-at="2024-10-21T21:16:09 IST" name="testAccountRegistrationDDT" data-provider="registeruser" finished-at="2024-10-21T21:16:11 IST" duration-ms="1930" status="PASS">
          <params>
            <param index="0">
              <value>
                <![CDATA[jason]]>
              </value>
            </param>
            <param index="1">
              <value>
                <![CDATA[john]]>
              </value>
            </param>
            <param index="2">
              <value>
                <![CDATA[json@gmail]]>
              </value>
            </param>
            <param index="3">
              <value>
                <![CDATA[12545]]>
              </value>
            </param>
            <param index="4">
              <value>
                <![CDATA[password]]>
              </value>
            </param>
            <param index="5">
              <value>
                <![CDATA[password]]>
              </value>
            </param>
            <param index="6">
              <value>
                <![CDATA[invalidemail]]>
              </value>
            </param>
          </params>
          <reporter-output>
          </reporter-output>
        </test-method> <!-- testAccountRegistrationDDT -->
        <test-method signature="testAccountRegistrationDDT(java.lang.String,java.lang.String,java.lang.String,java.lang.String,java.lang.String,java.lang.String,java.lang.String)[pri:1, instance:testCases.TC002_AccountRegistrationErrorValidationDDT@fb9c7aa]" started-at="2024-10-21T21:16:11 IST" name="testAccountRegistrationDDT" data-provider="registeruser" finished-at="2024-10-21T21:16:13 IST" duration-ms="1761" status="PASS">
          <params>
            <param index="0">
              <value>
                <![CDATA[jason]]>
              </value>
            </param>
            <param index="1">
              <value>
                <![CDATA[john]]>
              </value>
            </param>
            <param index="2">
              <value>
                <![CDATA[json@gmail.com]]>
              </value>
            </param>
            <param index="3">
              <value>
                <![CDATA[]]>
              </value>
            </param>
            <param index="4">
              <value>
                <![CDATA[password]]>
              </value>
            </param>
            <param index="5">
              <value>
                <![CDATA[password]]>
              </value>
            </param>
            <param index="6">
              <value>
                <![CDATA[missingphone]]>
              </value>
            </param>
          </params>
          <reporter-output>
          </reporter-output>
        </test-method> <!-- testAccountRegistrationDDT -->
        <test-method signature="testAccountRegistrationDDT(java.lang.String,java.lang.String,java.lang.String,java.lang.String,java.lang.String,java.lang.String,java.lang.String)[pri:1, instance:testCases.TC002_AccountRegistrationErrorValidationDDT@fb9c7aa]" started-at="2024-10-21T21:16:13 IST" name="testAccountRegistrationDDT" data-provider="registeruser" finished-at="2024-10-21T21:16:15 IST" duration-ms="2467" status="PASS">
          <params>
            <param index="0">
              <value>
                <![CDATA[jason]]>
              </value>
            </param>
            <param index="1">
              <value>
                <![CDATA[john]]>
              </value>
            </param>
            <param index="2">
              <value>
                <![CDATA[json@gmail.com]]>
              </value>
            </param>
            <param index="3">
              <value>
                <![CDATA[12]]>
              </value>
            </param>
            <param index="4">
              <value>
                <![CDATA[password]]>
              </value>
            </param>
            <param index="5">
              <value>
                <![CDATA[password]]>
              </value>
            </param>
            <param index="6">
              <value>
                <![CDATA[invalidphone]]>
              </value>
            </param>
          </params>
          <reporter-output>
          </reporter-output>
        </test-method> <!-- testAccountRegistrationDDT -->
        <test-method signature="testAccountRegistrationDDT(java.lang.String,java.lang.String,java.lang.String,java.lang.String,java.lang.String,java.lang.String,java.lang.String)[pri:1, instance:testCases.TC002_AccountRegistrationErrorValidationDDT@fb9c7aa]" started-at="2024-10-21T21:16:15 IST" name="testAccountRegistrationDDT" data-provider="registeruser" finished-at="2024-10-21T21:16:17 IST" duration-ms="1771" status="PASS">
          <params>
            <param index="0">
              <value>
                <![CDATA[jason]]>
              </value>
            </param>
            <param index="1">
              <value>
                <![CDATA[john]]>
              </value>
            </param>
            <param index="2">
              <value>
                <![CDATA[json@gmail.com]]>
              </value>
            </param>
            <param index="3">
              <value>
                <![CDATA[136564]]>
              </value>
            </param>
            <param index="4">
              <value>
                <![CDATA[]]>
              </value>
            </param>
            <param index="5">
              <value>
                <![CDATA[password]]>
              </value>
            </param>
            <param index="6">
              <value>
                <![CDATA[missingpassword]]>
              </value>
            </param>
          </params>
          <reporter-output>
          </reporter-output>
        </test-method> <!-- testAccountRegistrationDDT -->
        <test-method signature="testAccountRegistrationDDT(java.lang.String,java.lang.String,java.lang.String,java.lang.String,java.lang.String,java.lang.String,java.lang.String)[pri:1, instance:testCases.TC002_AccountRegistrationErrorValidationDDT@fb9c7aa]" started-at="2024-10-21T21:16:17 IST" name="testAccountRegistrationDDT" data-provider="registeruser" finished-at="2024-10-21T21:16:19 IST" duration-ms="1373" status="PASS">
          <params>
            <param index="0">
              <value>
                <![CDATA[jason]]>
              </value>
            </param>
            <param index="1">
              <value>
                <![CDATA[john]]>
              </value>
            </param>
            <param index="2">
              <value>
                <![CDATA[json@gmail.com]]>
              </value>
            </param>
            <param index="3">
              <value>
                <![CDATA[787456]]>
              </value>
            </param>
            <param index="4">
              <value>
                <![CDATA[password]]>
              </value>
            </param>
            <param index="5">
              <value>
                <![CDATA[]]>
              </value>
            </param>
            <param index="6">
              <value>
                <![CDATA[missingconpassword]]>
              </value>
            </param>
          </params>
          <reporter-output>
          </reporter-output>
        </test-method> <!-- testAccountRegistrationDDT -->
        <test-method signature="testAccountRegistrationDDT(java.lang.String,java.lang.String,java.lang.String,java.lang.String,java.lang.String,java.lang.String,java.lang.String)[pri:1, instance:testCases.TC002_AccountRegistrationErrorValidationDDT@fb9c7aa]" started-at="2024-10-21T21:16:19 IST" name="testAccountRegistrationDDT" data-provider="registeruser" finished-at="2024-10-21T21:16:20 IST" duration-ms="1607" status="PASS">
          <params>
            <param index="0">
              <value>
                <![CDATA[jason]]>
              </value>
            </param>
            <param index="1">
              <value>
                <![CDATA[john]]>
              </value>
            </param>
            <param index="2">
              <value>
                <![CDATA[json@gmail.com]]>
              </value>
            </param>
            <param index="3">
              <value>
                <![CDATA[45122]]>
              </value>
            </param>
            <param index="4">
              <value>
                <![CDATA[password]]>
              </value>
            </param>
            <param index="5">
              <value>
                <![CDATA[password]]>
              </value>
            </param>
            <param index="6">
              <value>
                <![CDATA[missingchkbox]]>
              </value>
            </param>
          </params>
          <reporter-output>
          </reporter-output>
        </test-method> <!-- testAccountRegistrationDDT -->
        <test-method is-config="true" signature="tearDown()[pri:0, instance:testCases.TC002_AccountRegistrationErrorValidationDDT@fb9c7aa]" started-at="2024-10-21T21:16:20 IST" name="tearDown" finished-at="2024-10-21T21:16:20 IST" duration-ms="190" status="PASS">
          <reporter-output>
          </reporter-output>
        </test-method> <!-- tearDown -->
      </class> <!-- testCases.TC002_AccountRegistrationErrorValidationDDT -->
      <class name="testCases.TC006_LoginTest">
        <test-method is-config="true" signature="setUp(java.lang.String,java.lang.String)[pri:0, instance:testCases.TC006_LoginTest@7fc6de5b]" started-at="2024-10-21T21:16:27 IST" name="setUp" finished-at="2024-10-21T21:16:31 IST" duration-ms="4291" status="PASS">
          <params>
            <param index="0">
              <value>
                <![CDATA[Windows]]>
              </value>
            </param>
            <param index="1">
              <value>
                <![CDATA[chrome]]>
              </value>
            </param>
          </params>
          <reporter-output>
          </reporter-output>
        </test-method> <!-- setUp -->
        <test-method signature="testLogin()[pri:1, instance:testCases.TC006_LoginTest@7fc6de5b]" started-at="2024-10-21T21:16:31 IST" name="testLogin" finished-at="2024-10-21T21:16:32 IST" duration-ms="1608" status="PASS">
          <reporter-output>
          </reporter-output>
        </test-method> <!-- testLogin -->
        <test-method is-config="true" signature="tearDown()[pri:0, instance:testCases.TC006_LoginTest@7fc6de5b]" started-at="2024-10-21T21:16:32 IST" name="tearDown" finished-at="2024-10-21T21:16:33 IST" duration-ms="173" status="PASS">
          <reporter-output>
          </reporter-output>
        </test-method> <!-- tearDown -->
      </class> <!-- testCases.TC006_LoginTest -->
    </test> <!-- Test -->
  </suite> <!-- Suite -->
</testng-results>
